TN:
SF:/home/cohee/Projects/My-Auditing-Projects/2025-04-forte/lib/Uint512.sol
DA:1,0
DA:10,0
DA:39,0
DA:42,0
DA:43,0
DA:44,0
DA:47,0
DA:48,0
DA:53,0
DA:55,0
DA:61,0
DA:62,0
DA:63,0
DA:67,0
DA:72,0
DA:73,0
DA:74,0
DA:75,0
DA:76,0
DA:77,0
DA:78,0
DA:81,0
end_of_record

SF:/home/cohee/Projects/My-Auditing-Projects/2025-04-forte/lib/forge-std/src/Base.sol
end_of_record

SF:/home/cohee/Projects/My-Auditing-Projects/2025-04-forte/lib/forge-std/src/StdAssertions.sol
DA:38,0
DA:39,0
DA:40,0
DA:42,0
end_of_record

SF:/home/cohee/Projects/My-Auditing-Projects/2025-04-forte/lib/forge-std/src/StdChains.sol
DA:66,0
end_of_record

SF:/home/cohee/Projects/My-Auditing-Projects/2025-04-forte/lib/forge-std/src/StdCheats.sol
end_of_record

SF:/home/cohee/Projects/My-Auditing-Projects/2025-04-forte/lib/forge-std/src/StdError.sol
DA:5,0
DA:6,0
DA:7,0
DA:8,0
DA:9,0
DA:10,0
DA:11,0
DA:12,0
DA:13,0
DA:14,0
end_of_record

SF:/home/cohee/Projects/My-Auditing-Projects/2025-04-forte/lib/forge-std/src/StdInvariant.sol
DA:83,0
DA:84,0
DA:87,0
DA:88,0
DA:91,0
DA:92,0
DA:95,0
DA:96,0
DA:99,0
DA:100,0
DA:103,0
DA:104,0
DA:107,0
DA:108,0
DA:111,0
DA:112,0
DA:115,0
DA:116,0
DA:119,0
DA:120,0
end_of_record

SF:/home/cohee/Projects/My-Auditing-Projects/2025-04-forte/lib/forge-std/src/StdJson.sol
DA:25,0
end_of_record

SF:/home/cohee/Projects/My-Auditing-Projects/2025-04-forte/lib/forge-std/src/StdMath.sol
DA:4,0
end_of_record

SF:/home/cohee/Projects/My-Auditing-Projects/2025-04-forte/lib/forge-std/src/StdStorage.sol
DA:24,0
DA:334,0
end_of_record

SF:/home/cohee/Projects/My-Auditing-Projects/2025-04-forte/lib/forge-std/src/StdStyle.sol
DA:6,0
end_of_record

SF:/home/cohee/Projects/My-Auditing-Projects/2025-04-forte/lib/forge-std/src/StdToml.sol
DA:25,0
end_of_record

SF:/home/cohee/Projects/My-Auditing-Projects/2025-04-forte/lib/forge-std/src/StdUtils.sol
end_of_record

SF:/home/cohee/Projects/My-Auditing-Projects/2025-04-forte/lib/forge-std/src/Test.sol
DA:32,0
end_of_record

SF:/home/cohee/Projects/My-Auditing-Projects/2025-04-forte/lib/forge-std/src/Vm.sol
end_of_record

SF:/home/cohee/Projects/My-Auditing-Projects/2025-04-forte/lib/forge-std/src/console.sol
DA:4,0
end_of_record

SF:/home/cohee/Projects/My-Auditing-Projects/2025-04-forte/lib/forge-std/src/console2.sol
end_of_record

SF:/home/cohee/Projects/My-Auditing-Projects/2025-04-forte/lib/forge-std/src/interfaces/IMulticall3.sol
end_of_record

SF:/home/cohee/Projects/My-Auditing-Projects/2025-04-forte/lib/forge-std/src/safeconsole.sol
DA:6,0
end_of_record

SF:/home/cohee/Projects/My-Auditing-Projects/2025-04-forte/src/Float128.sol
DA:13,0
DA:20,0
DA:30,0
DA:35,3
DA:36,2
DA:37,3
DA:38,2
DA:52,1
DA:60,11
DA:61,1
DA:62,1
DA:63,1
DA:64,14
DA:65,14
DA:68,5
DA:69,5
DA:71,9
DA:74,3
DA:75,3
DA:76,3
DA:77,3
DA:78,5
DA:80,7
DA:82,7
DA:84,7
DA:85,3
DA:86,5
DA:87,9
DA:88,5
DA:90,6
DA:91,7
DA:92,5
DA:95,7
DA:96,7
DA:97,7
DA:98,3
DA:99,5
DA:100,9
DA:101,5
DA:103,6
DA:104,7
DA:105,5
DA:109,6
DA:110,5
DA:111,1
DA:112,4
DA:113,2
DA:116,6
DA:118,4
DA:119,6
DA:120,5
DA:122,4
DA:123,2
DA:124,5
DA:127,7
DA:128,7
DA:129,7
DA:130,3
DA:131,5
DA:132,9
DA:133,5
DA:135,6
DA:136,7
DA:137,5
DA:140,7
DA:141,7
DA:142,7
DA:143,3
DA:144,5
DA:145,9
DA:146,5
DA:148,6
DA:149,7
DA:150,5
DA:154,6
DA:155,5
DA:156,1
DA:157,4
DA:158,2
DA:163,7
DA:164,2
DA:166,7
DA:167,5
DA:170,2
DA:172,9
DA:173,5
DA:174,5
DA:176,4
DA:177,0
DA:181,5
DA:184,4
DA:186,7
DA:189,2
DA:190,12
DA:191,8
DA:193,8
DA:194,1
DA:195,3
DA:196,7
DA:197,6
DA:198,5
DA:199,5
DA:201,3
DA:202,5
DA:203,0
DA:204,0
DA:206,6
DA:207,7
DA:208,7
DA:211,0
DA:212,0
DA:213,0
DA:216,0
DA:217,0
DA:224,3
DA:225,1
DA:226,1
DA:230,7
DA:231,5
DA:232,5
DA:233,6
DA:235,5
DA:236,5
DA:238,5
DA:240,5
DA:241,3
DA:242,7
DA:244,5
DA:245,6
DA:250,4
DA:262,2
DA:263,1
DA:264,1
DA:265,1
DA:266,6
DA:268,5
DA:269,5
DA:272,8
DA:274,14
DA:276,5
DA:277,5
DA:278,9
DA:280,3
DA:281,3
DA:282,3
DA:283,3
DA:284,5
DA:286,7
DA:287,7
DA:288,7
DA:289,3
DA:290,5
DA:291,9
DA:292,5
DA:294,6
DA:295,7
DA:296,5
DA:299,7
DA:300,7
DA:301,7
DA:302,3
DA:303,5
DA:304,9
DA:305,5
DA:307,6
DA:308,7
DA:309,5
DA:313,6
DA:314,5
DA:315,1
DA:316,4
DA:317,2
DA:320,6
DA:322,4
DA:323,6
DA:324,5
DA:326,4
DA:327,2
DA:328,5
DA:331,7
DA:332,7
DA:333,7
DA:334,3
DA:335,5
DA:336,9
DA:337,5
DA:339,6
DA:340,7
DA:341,5
DA:344,7
DA:345,7
DA:346,7
DA:347,3
DA:348,5
DA:349,9
DA:350,5
DA:352,6
DA:353,7
DA:354,5
DA:358,6
DA:359,5
DA:360,1
DA:361,4
DA:362,2
DA:366,5
DA:367,2
DA:369,6
DA:370,5
DA:373,2
DA:375,8
DA:376,5
DA:377,5
DA:379,3
DA:380,0
DA:384,0
DA:463,0
DA:469,0
DA:471,0
DA:472,0
DA:473,0
DA:475,0
DA:476,0
DA:477,0
DA:478,0
DA:480,0
DA:482,0
DA:483,0
DA:484,0
DA:486,0
DA:487,0
DA:488,0
DA:490,0
DA:491,0
DA:492,0
DA:493,0
DA:495,0
DA:496,0
DA:497,0
DA:500,0
DA:503,0
DA:505,0
DA:506,0
DA:507,0
DA:508,0
DA:510,0
DA:511,0
DA:512,0
DA:514,0
DA:515,0
DA:516,0
DA:517,0
DA:519,0
DA:520,0
DA:521,0
DA:529,0
DA:530,0
DA:531,0
DA:532,0
DA:534,0
DA:535,0
DA:536,0
DA:537,0
DA:538,0
DA:540,0
DA:541,0
DA:542,0
DA:546,0
DA:547,0
DA:548,0
DA:549,0
DA:551,0
DA:552,0
DA:553,0
DA:558,0
DA:559,0
DA:560,0
DA:561,0
DA:1078,6
DA:1090,11
DA:1094,5
DA:1096,7
DA:1097,3
DA:1098,5
DA:1102,5
DA:1103,16
DA:1104,12
DA:1106,7
DA:1108,5
DA:1109,5
DA:1111,5
DA:1112,5
DA:1113,5
DA:1116,4
DA:1117,3
DA:1119,5
DA:1120,9
DA:1122,5
DA:1123,0
DA:1126,6
DA:1127,18
DA:1128,2
DA:1131,5
DA:1132,5
DA:1133,5
DA:1135,16
DA:1137,0
DA:1142,11
end_of_record

SF:/home/cohee/Projects/My-Auditing-Projects/2025-04-forte/src/Types.sol
end_of_record

SF:/home/cohee/Projects/My-Auditing-Projects/2025-04-forte/test/FloatUtils.sol
DA:7,0
end_of_record

SF:/home/cohee/Projects/My-Auditing-Projects/2025-04-forte/test/audit/echidna.sol
DA:8,71
DA:10,2
DA:11,2
DA:12,1
DA:14,0
DA:15,0
DA:16,0
DA:17,0
DA:20,15
DA:22,9
DA:23,7
DA:24,9
DA:25,7
DA:28,0
DA:30,0
DA:31,0
DA:34,9
DA:35,15
DA:36,15
DA:37,15
DA:38,15
DA:39,8
DA:40,3
DA:42,1
DA:45,10
DA:47,25
DA:48,21
DA:49,12
DA:50,17
DA:51,12
DA:55,5
DA:56,5
DA:57,6
DA:65,0
DA:67,0
DA:68,0
DA:71,0
DA:73,0
DA:76,0
DA:77,0
DA:78,0
DA:81,0
DA:82,0
DA:84,0
DA:85,0
DA:89,0
DA:90,0
DA:94,20
DA:96,18
DA:99,13
DA:101,24
DA:104,9
DA:105,9
DA:108,9
DA:110,7
DA:112,14
DA:113,3
DA:117,21
DA:119,18
DA:122,13
DA:124,24
DA:127,9
DA:128,8
DA:130,13
DA:134,9
DA:135,7
DA:137,14
DA:138,3
DA:144,0
DA:146,0
DA:147,0
DA:150,0
DA:152,0
DA:154,0
DA:155,0
DA:156,0
DA:159,0
DA:160,0
DA:162,0
DA:163,0
DA:207,2
DA:208,0
DA:209,0
DA:213,0
DA:215,0
DA:219,6
DA:221,5
DA:222,7
DA:223,1
DA:224,3
DA:226,7
DA:227,2
DA:228,5
DA:230,7
DA:231,2
DA:232,5
DA:234,7
DA:235,2
DA:236,5
DA:238,7
DA:239,2
DA:240,5
DA:242,7
DA:243,2
DA:244,5
DA:246,7
DA:247,2
DA:249,2
end_of_record

