TN:
SF:/home/cohee/Projects/My-Auditing-Projects/2025-04-forte/lib/Uint512.sol
DA:1,0
DA:10,0
DA:20,9
DA:22,4
DA:23,5
DA:24,10
DA:39,7
DA:42,0
DA:43,0
DA:44,0
DA:47,0
DA:48,0
DA:53,0
DA:55,0
DA:61,0
DA:62,0
DA:63,0
DA:67,0
DA:72,0
DA:73,0
DA:74,0
DA:75,0
DA:76,0
DA:77,0
DA:78,0
DA:81,0
DA:92,4
DA:93,6
DA:96,3
DA:98,1
DA:100,7
DA:101,7
DA:102,7
DA:104,9
DA:105,7
DA:106,7
DA:108,9
DA:109,7
DA:110,7
DA:112,9
DA:113,7
DA:114,7
DA:116,9
DA:117,7
DA:118,7
DA:120,9
DA:121,7
DA:122,8
DA:124,14
DA:128,14
DA:129,14
DA:130,14
DA:131,14
DA:132,14
DA:133,14
DA:134,14
DA:135,10
DA:136,13
DA:148,8
DA:150,6
DA:153,1
DA:156,5
DA:157,3
DA:160,5
DA:161,3
DA:162,4
DA:164,5
DA:165,3
DA:166,4
DA:168,5
DA:169,3
DA:170,1
DA:172,5
DA:173,3
DA:174,1
DA:176,5
DA:177,3
DA:178,4
DA:180,6
DA:181,4
DA:182,2
DA:184,8
DA:185,4
DA:188,7
DA:189,13
DA:191,1
DA:197,8
DA:198,6
DA:200,3
DA:201,3
DA:206,3
DA:207,3
DA:208,5
DA:209,10
DA:210,8
DA:211,5
DA:215,7
DA:217,8
DA:218,4
DA:221,34
DA:222,0
DA:225,17
end_of_record

SF:/home/cohee/Projects/My-Auditing-Projects/2025-04-forte/lib/forge-std/src/Base.sol
end_of_record

SF:/home/cohee/Projects/My-Auditing-Projects/2025-04-forte/lib/forge-std/src/StdAssertions.sol
DA:38,0
DA:39,0
DA:40,0
DA:42,0
end_of_record

SF:/home/cohee/Projects/My-Auditing-Projects/2025-04-forte/lib/forge-std/src/StdChains.sol
DA:66,0
end_of_record

SF:/home/cohee/Projects/My-Auditing-Projects/2025-04-forte/lib/forge-std/src/StdCheats.sol
end_of_record

SF:/home/cohee/Projects/My-Auditing-Projects/2025-04-forte/lib/forge-std/src/StdError.sol
DA:5,0
DA:6,0
DA:7,0
DA:8,0
DA:9,0
DA:10,0
DA:11,0
DA:12,0
DA:13,0
DA:14,0
end_of_record

SF:/home/cohee/Projects/My-Auditing-Projects/2025-04-forte/lib/forge-std/src/StdInvariant.sol
DA:83,0
DA:84,0
DA:87,0
DA:88,0
DA:91,0
DA:92,0
DA:95,0
DA:96,0
DA:99,0
DA:100,0
DA:103,0
DA:104,0
DA:107,0
DA:108,0
DA:111,0
DA:112,0
DA:115,0
DA:116,0
DA:119,0
DA:120,0
end_of_record

SF:/home/cohee/Projects/My-Auditing-Projects/2025-04-forte/lib/forge-std/src/StdJson.sol
DA:25,0
end_of_record

SF:/home/cohee/Projects/My-Auditing-Projects/2025-04-forte/lib/forge-std/src/StdMath.sol
DA:4,0
end_of_record

SF:/home/cohee/Projects/My-Auditing-Projects/2025-04-forte/lib/forge-std/src/StdStorage.sol
DA:24,0
DA:334,0
end_of_record

SF:/home/cohee/Projects/My-Auditing-Projects/2025-04-forte/lib/forge-std/src/StdStyle.sol
DA:6,0
end_of_record

SF:/home/cohee/Projects/My-Auditing-Projects/2025-04-forte/lib/forge-std/src/StdToml.sol
DA:25,0
end_of_record

SF:/home/cohee/Projects/My-Auditing-Projects/2025-04-forte/lib/forge-std/src/StdUtils.sol
end_of_record

SF:/home/cohee/Projects/My-Auditing-Projects/2025-04-forte/lib/forge-std/src/Test.sol
DA:32,0
end_of_record

SF:/home/cohee/Projects/My-Auditing-Projects/2025-04-forte/lib/forge-std/src/Vm.sol
end_of_record

SF:/home/cohee/Projects/My-Auditing-Projects/2025-04-forte/lib/forge-std/src/console.sol
DA:4,0
end_of_record

SF:/home/cohee/Projects/My-Auditing-Projects/2025-04-forte/lib/forge-std/src/console2.sol
end_of_record

SF:/home/cohee/Projects/My-Auditing-Projects/2025-04-forte/lib/forge-std/src/interfaces/IMulticall3.sol
end_of_record

SF:/home/cohee/Projects/My-Auditing-Projects/2025-04-forte/lib/forge-std/src/safeconsole.sol
DA:6,0
end_of_record

SF:/home/cohee/Projects/My-Auditing-Projects/2025-04-forte/src/Float128.sol
DA:13,45
DA:19,2
DA:20,4
DA:23,1
DA:24,1
DA:25,1
DA:27,1
DA:28,1
DA:30,2
DA:33,1
DA:35,2
DA:36,3
DA:37,1
DA:38,2
DA:39,1
DA:40,1
DA:43,3
DA:45,2
DA:47,2
DA:50,1
DA:51,1
DA:62,2
DA:63,1
DA:64,1
DA:65,1
DA:66,14
DA:67,14
DA:70,5
DA:71,5
DA:73,9
DA:76,3
DA:77,3
DA:78,3
DA:79,3
DA:80,5
DA:83,7
DA:86,7
DA:88,7
DA:89,3
DA:90,5
DA:92,9
DA:93,5
DA:95,6
DA:97,7
DA:98,5
DA:101,7
DA:103,7
DA:104,7
DA:105,3
DA:106,5
DA:107,9
DA:108,5
DA:110,6
DA:111,0
DA:112,0
DA:116,6
DA:118,5
DA:119,1
DA:120,4
DA:121,2
DA:124,6
DA:127,0
DA:128,0
DA:129,0
DA:131,0
DA:132,0
DA:133,0
DA:136,0
DA:137,0
DA:138,0
DA:139,0
DA:140,0
DA:141,0
DA:142,0
DA:144,0
DA:145,0
DA:146,0
DA:149,0
DA:150,0
DA:151,0
DA:152,0
DA:153,0
DA:154,0
DA:155,0
DA:157,0
DA:158,0
DA:159,0
DA:163,1
DA:164,0
DA:165,0
DA:166,0
DA:167,0
DA:172,6
DA:173,2
DA:175,7
DA:176,5
DA:179,2
DA:181,9
DA:182,5
DA:183,5
DA:185,4
DA:186,0
DA:190,5
DA:193,4
DA:195,7
DA:199,2
DA:201,20
DA:203,8
DA:204,1
DA:205,3
DA:206,7
DA:207,6
DA:208,5
DA:209,5
DA:211,3
DA:212,5
DA:213,0
DA:214,0
DA:216,6
DA:217,7
DA:218,7
DA:221,0
DA:223,0
DA:224,0
DA:228,0
DA:229,0
DA:236,3
DA:237,2
DA:239,7
DA:240,5
DA:241,5
DA:242,6
DA:244,5
DA:245,5
DA:247,5
DA:249,15
DA:250,5
DA:251,6
DA:256,4
DA:268,11
DA:269,1
DA:270,1
DA:271,1
DA:272,6
DA:274,5
DA:275,5
DA:278,8
DA:280,14
DA:282,5
DA:283,5
DA:284,9
DA:286,3
DA:287,3
DA:288,3
DA:289,3
DA:290,5
DA:293,7
DA:294,7
DA:295,7
DA:296,3
DA:297,5
DA:298,9
DA:299,5
DA:301,6
DA:302,7
DA:303,5
DA:306,7
DA:307,7
DA:308,7
DA:309,3
DA:310,5
DA:311,9
DA:312,5
DA:314,6
DA:315,7
DA:316,5
DA:320,6
DA:321,5
DA:322,1
DA:323,4
DA:324,2
DA:327,6
DA:330,4
DA:331,6
DA:332,5
DA:334,4
DA:335,2
DA:336,5
DA:339,7
DA:340,7
DA:341,7
DA:342,3
DA:343,5
DA:344,9
DA:345,5
DA:347,6
DA:348,7
DA:349,5
DA:352,7
DA:353,7
DA:354,7
DA:355,3
DA:356,5
DA:357,9
DA:358,5
DA:360,6
DA:361,7
DA:362,5
DA:366,1
DA:367,5
DA:368,1
DA:369,4
DA:370,2
DA:374,6
DA:375,2
DA:377,7
DA:378,5
DA:381,2
DA:383,9
DA:384,5
DA:385,5
DA:387,4
DA:388,0
DA:392,5
DA:396,4
DA:398,5
DA:401,0
DA:402,0
DA:403,0
DA:404,0
DA:405,0
DA:406,0
DA:407,0
DA:408,0
DA:410,0
DA:411,0
DA:412,0
DA:413,0
DA:415,0
DA:416,0
DA:417,0
DA:420,0
DA:422,0
DA:423,0
DA:430,3
DA:431,2
DA:432,7
DA:433,5
DA:434,5
DA:435,6
DA:437,5
DA:438,0
DA:440,0
DA:442,15
DA:443,5
DA:444,6
DA:449,4
DA:462,12
DA:468,22
DA:470,5
DA:471,5
DA:472,5
DA:474,3
DA:475,3
DA:476,3
DA:477,3
DA:479,5
DA:482,0
DA:483,0
DA:484,0
DA:486,0
DA:487,0
DA:488,0
DA:490,0
DA:491,0
DA:492,0
DA:493,0
DA:496,10
DA:497,5
DA:498,11
DA:501,6
DA:504,0
DA:506,0
DA:507,0
DA:508,0
DA:509,0
DA:511,0
DA:512,0
DA:513,0
DA:515,0
DA:516,0
DA:517,0
DA:518,0
DA:520,0
DA:521,0
DA:522,0
DA:530,3
DA:531,6
DA:532,3
DA:533,2
DA:534,5
DA:535,0
DA:536,0
DA:538,4
DA:539,5
DA:540,5
DA:544,4
DA:545,5
DA:546,0
DA:547,0
DA:549,4
DA:550,5
DA:551,5
DA:556,5
DA:558,15
DA:560,5
DA:561,0
DA:572,2
DA:573,6
DA:593,8
DA:595,6
DA:596,0
DA:597,0
DA:598,0
DA:599,0
DA:600,0
DA:601,0
DA:604,9
DA:605,4
DA:615,6
DA:616,5
DA:618,5
DA:619,5
DA:620,3
DA:621,3
DA:622,2
DA:623,5
DA:626,7
DA:629,7
DA:631,0
DA:632,0
DA:633,0
DA:635,0
DA:636,0
DA:637,0
DA:640,0
DA:641,0
DA:642,0
DA:643,0
DA:645,4
DA:647,5
DA:648,5
DA:651,6
DA:652,0
DA:654,0
DA:658,5
DA:659,7
DA:662,9
DA:663,4
DA:664,3
DA:665,6
DA:667,5
DA:668,5
DA:671,5
DA:672,0
DA:673,0
DA:674,0
DA:675,0
DA:677,0
DA:678,0
DA:680,0
DA:681,0
DA:682,0
DA:683,0
DA:685,0
DA:686,0
DA:687,0
DA:692,15
DA:693,5
DA:694,0
DA:705,32
DA:706,1
DA:707,1
DA:708,1
DA:709,1
DA:710,1
DA:711,1
DA:714,7
DA:715,0
DA:716,0
DA:717,0
DA:718,0
DA:719,0
DA:720,0
DA:722,4
DA:723,1
DA:725,9
DA:726,4
DA:727,5
DA:731,52
DA:732,4
DA:733,0
DA:734,0
DA:737,7
DA:738,9
DA:739,6
DA:740,7
DA:744,11
DA:745,8
DA:746,7
DA:747,1
DA:749,6
DA:750,4
DA:751,5
DA:754,4
DA:755,6
DA:756,3
DA:757,1
DA:758,1
DA:760,4
DA:762,5
DA:763,11
DA:769,5
DA:770,5
DA:771,5
DA:772,5
DA:774,4
DA:775,5
DA:776,5
DA:779,6
DA:780,5
DA:781,5
DA:782,5
DA:784,4
DA:785,5
DA:786,5
DA:789,1
DA:793,8
DA:794,7
DA:795,7
DA:797,8
DA:798,3
DA:799,8
DA:801,8
DA:802,3
DA:803,8
DA:805,8
DA:806,7
DA:807,8
DA:809,8
DA:810,7
DA:811,8
DA:813,10
DA:814,6
DA:815,8
DA:817,10
DA:819,6
DA:820,6
DA:821,6
DA:822,6
DA:823,6
DA:824,6
DA:825,7
DA:827,4
DA:828,11
DA:829,3
DA:833,9
DA:835,7
DA:836,5
DA:837,5
DA:840,7
DA:851,0
DA:852,0
DA:854,0
DA:855,0
DA:856,0
DA:857,0
DA:858,0
DA:859,0
DA:860,0
DA:861,0
DA:863,0
DA:864,0
DA:867,0
DA:868,0
DA:869,0
DA:870,0
DA:871,0
DA:872,0
DA:873,0
DA:874,0
DA:876,0
DA:877,0
DA:878,0
DA:880,0
DA:881,0
DA:883,0
DA:884,0
DA:885,0
DA:887,0
DA:888,0
DA:891,0
DA:892,0
DA:893,0
DA:895,0
DA:896,0
DA:966,0
DA:967,0
DA:969,0
DA:970,0
DA:971,0
DA:972,0
DA:973,0
DA:974,0
DA:975,0
DA:976,0
DA:977,0
DA:978,0
DA:981,0
DA:982,0
DA:983,0
DA:984,0
DA:985,0
DA:986,0
DA:987,0
DA:988,0
DA:990,0
DA:991,0
DA:992,0
DA:994,0
DA:995,0
DA:997,0
DA:998,0
DA:999,0
DA:1001,0
DA:1002,0
DA:1005,0
DA:1006,0
DA:1007,0
DA:1009,0
DA:1010,0
DA:1080,1
DA:1081,6
DA:1093,11
DA:1097,5
DA:1099,7
DA:1100,3
DA:1101,5
DA:1105,5
DA:1107,28
DA:1110,7
DA:1112,5
DA:1113,5
DA:1115,5
DA:1116,5
DA:1117,5
DA:1120,4
DA:1121,3
DA:1123,5
DA:1125,9
DA:1127,5
DA:1129,7
DA:1132,4
DA:1134,20
DA:1137,5
DA:1138,5
DA:1139,5
DA:1141,16
DA:1144,5
DA:1149,11
DA:1160,7
DA:1163,3
DA:1164,7
DA:1165,4
DA:1167,8
DA:1168,0
DA:1171,5
DA:1173,7
DA:1174,5
DA:1184,6
DA:1186,5
DA:1187,7
DA:1189,1
DA:1190,3
DA:1192,7
DA:1193,2
DA:1194,5
DA:1196,7
DA:1197,2
DA:1198,5
DA:1200,7
DA:1201,2
DA:1202,5
DA:1204,7
DA:1205,2
DA:1206,5
DA:1208,7
DA:1209,2
DA:1210,5
DA:1212,7
DA:1213,2
DA:1215,2
end_of_record

SF:/home/cohee/Projects/My-Auditing-Projects/2025-04-forte/src/Ln.sol
DA:13,45
DA:46,2
DA:48,1
DA:50,1
DA:63,27
DA:68,6
DA:69,3
DA:70,6
DA:72,4
DA:73,20
DA:74,8
DA:75,2
DA:76,8
DA:86,10
DA:87,8
DA:90,7
DA:91,13
DA:92,10
DA:93,9
DA:94,5
DA:95,6
DA:96,7
DA:99,7
DA:100,8
DA:101,14
DA:102,14
DA:103,13
DA:105,1
DA:107,5
DA:108,7
DA:109,6
DA:110,6
DA:111,7
DA:113,20
DA:114,9
DA:115,11
DA:117,24
DA:119,7
DA:120,19
DA:121,7
DA:123,15
DA:124,15
DA:126,1
DA:127,1
DA:128,11
DA:129,7
DA:130,1
DA:132,2
DA:133,1
DA:136,10
DA:137,2
DA:138,1
DA:140,2
DA:141,1
DA:144,9
DA:145,1
DA:148,7
DA:164,1
DA:165,7
DA:181,1
DA:182,8
DA:184,11
DA:199,3
DA:207,2
DA:209,8
DA:210,7
DA:211,6
DA:212,9
DA:213,22
DA:216,20
DA:219,1
DA:222,19
DA:223,8
DA:224,19
DA:227,9
DA:228,9
DA:230,13
DA:244,3
DA:253,1
DA:254,16
DA:256,16
DA:258,12
DA:260,12
DA:262,16
DA:264,13
DA:273,3
DA:274,7
DA:275,7
DA:276,7
DA:277,2
DA:281,2
DA:282,11
DA:285,7
DA:286,2
DA:287,12
DA:289,2
DA:290,37
DA:294,7
DA:295,7
DA:296,2
DA:298,5
DA:299,12
DA:300,1
DA:301,12
DA:302,1
DA:303,12
DA:304,1
DA:305,5
DA:306,1
DA:308,2
DA:311,5
DA:312,1
DA:313,12
DA:314,1
DA:315,12
DA:316,1
DA:317,12
DA:318,1
DA:321,7
DA:322,2
DA:324,5
DA:325,12
DA:326,1
DA:327,12
DA:328,1
DA:329,12
DA:330,1
DA:331,12
DA:332,1
DA:333,12
DA:334,1
DA:335,12
DA:336,1
DA:338,2
DA:341,5
DA:342,12
DA:343,1
DA:344,12
DA:345,1
DA:346,12
DA:347,1
DA:348,12
DA:349,1
DA:350,12
DA:351,1
DA:352,12
DA:353,1
DA:354,12
DA:355,1
DA:367,37
DA:368,7
DA:369,7
DA:370,7
DA:371,2
DA:375,2
DA:376,40
DA:379,7
DA:380,2
DA:383,23
DA:384,12
DA:385,1
DA:386,12
DA:387,1
DA:388,12
DA:389,1
DA:390,12
DA:391,1
DA:392,12
DA:393,1
DA:395,2
DA:398,23
DA:399,12
DA:400,1
DA:401,12
DA:402,1
DA:403,12
DA:404,1
DA:405,12
DA:406,1
DA:407,12
DA:408,1
DA:409,12
DA:410,1
DA:411,12
DA:412,1
DA:413,12
DA:414,1
DA:418,7
DA:419,7
DA:420,2
DA:423,23
DA:424,12
DA:425,1
DA:426,12
DA:427,1
DA:428,12
DA:429,1
DA:430,12
DA:431,1
DA:432,12
DA:433,1
DA:434,12
DA:435,1
DA:436,12
DA:437,1
DA:438,12
DA:439,1
DA:440,12
DA:441,1
DA:442,12
DA:443,1
DA:444,12
DA:445,1
DA:447,2
DA:459,9
DA:462,4
DA:465,6
DA:468,11
DA:471,4
DA:474,11
DA:477,6
DA:480,11
DA:483,8
DA:486,4
DA:489,8
DA:492,5
DA:495,5
DA:498,6
DA:502,7
DA:503,3
DA:513,3
DA:516,9
DA:519,9
DA:522,9
DA:525,9
DA:528,9
DA:531,9
DA:534,9
DA:537,9
DA:540,9
DA:543,9
DA:546,9
DA:549,9
DA:552,9
DA:555,9
DA:558,9
DA:561,9
DA:564,9
DA:567,3
DA:578,3
DA:581,7
DA:584,9
DA:587,9
DA:590,7
DA:593,9
DA:596,9
DA:599,9
DA:602,9
DA:605,9
DA:608,9
DA:611,7
DA:614,7
DA:617,9
DA:620,7
DA:623,9
DA:626,9
DA:629,9
DA:632,9
DA:645,7
DA:646,7
DA:647,7
DA:648,7
DA:649,2
DA:653,2
DA:655,19
DA:658,7
DA:659,2
DA:663,5
DA:664,1
DA:665,12
DA:666,1
DA:667,12
DA:668,1
DA:669,12
DA:670,1
DA:671,12
DA:672,1
DA:674,2
DA:678,5
DA:679,1
DA:680,12
DA:681,1
DA:682,12
DA:683,1
DA:684,12
DA:685,1
DA:686,12
DA:687,1
DA:688,12
DA:689,1
DA:690,12
DA:691,1
DA:692,12
DA:693,1
DA:697,7
DA:698,7
DA:699,2
DA:710,9
DA:713,6
DA:716,4
DA:719,4
DA:722,6
DA:725,11
DA:728,6
DA:731,6
DA:734,5
DA:737,5
DA:740,6
DA:743,4
DA:746,3
DA:755,3
DA:758,9
DA:761,9
DA:764,7
DA:767,9
DA:770,9
DA:773,9
DA:776,7
DA:779,9
DA:782,9
DA:785,9
DA:788,9
DA:791,9
DA:794,9
DA:797,9
DA:800,7
DA:803,9
DA:806,9
DA:809,9
DA:813,7
DA:814,3
DA:824,3
DA:830,9
DA:833,9
DA:836,9
DA:839,9
DA:842,9
DA:845,9
DA:848,9
DA:851,9
DA:854,9
DA:857,9
DA:860,9
DA:863,9
DA:866,9
DA:869,9
DA:872,9
DA:875,9
DA:878,9
DA:883,9
DA:886,9
DA:891,9
DA:894,3
DA:905,3
DA:911,9
DA:914,7
DA:917,9
DA:920,9
DA:923,9
DA:926,9
DA:929,9
DA:932,9
DA:935,9
DA:938,9
DA:943,9
DA:946,7
DA:949,9
DA:954,9
DA:957,9
DA:960,9
DA:963,9
DA:966,9
DA:969,9
DA:972,9
DA:975,9
DA:978,9
DA:981,7
DA:984,9
end_of_record

SF:/home/cohee/Projects/My-Auditing-Projects/2025-04-forte/src/Types.sol
end_of_record

SF:/home/cohee/Projects/My-Auditing-Projects/2025-04-forte/test/FloatUtils.sol
DA:7,0
end_of_record

SF:/home/cohee/Projects/My-Auditing-Projects/2025-04-forte/test/audit/echidna.sol
DA:10,101
DA:17,6
DA:18,6
DA:21,0
DA:22,0
DA:23,0
DA:24,0
DA:30,15
DA:32,9
DA:33,7
DA:34,9
DA:35,7
DA:38,9
DA:40,9
DA:41,7
DA:44,4
DA:45,15
DA:46,15
DA:47,15
DA:48,15
DA:49,8
DA:50,3
DA:52,2
DA:70,5
DA:71,7
DA:72,6
DA:74,1
DA:80,14
DA:82,0
DA:83,0
DA:88,0
DA:91,0
DA:92,0
DA:93,0
DA:96,0
DA:97,0
DA:99,0
DA:100,1
DA:104,14
DA:105,7
DA:110,0
DA:112,0
DA:117,0
DA:120,0
DA:121,0
DA:124,0
DA:126,0
DA:134,0
DA:136,0
DA:141,0
DA:144,0
DA:146,0
DA:148,0
DA:152,0
DA:153,0
DA:155,0
DA:156,0
DA:162,11
DA:164,14
DA:165,13
DA:170,24
DA:173,9
DA:174,9
DA:175,9
DA:178,9
DA:179,9
DA:181,9
DA:182,6
DA:192,0
DA:194,0
DA:195,0
DA:200,0
DA:202,0
DA:203,0
DA:204,0
DA:207,0
DA:208,0
DA:210,0
DA:211,0
DA:219,0
DA:221,0
DA:226,0
DA:229,0
DA:230,0
DA:233,0
DA:235,0
DA:237,0
DA:238,0
DA:243,0
DA:245,0
DA:250,0
DA:253,0
DA:254,0
DA:257,0
DA:259,0
DA:264,0
DA:266,0
DA:271,0
DA:274,0
DA:275,0
DA:277,0
DA:279,0
DA:281,0
DA:284,0
DA:286,0
DA:288,0
DA:289,0
DA:291,0
DA:293,0
DA:296,0
DA:299,0
DA:300,0
DA:305,0
DA:307,0
DA:309,0
DA:311,0
DA:314,0
DA:315,0
DA:316,0
DA:319,0
DA:321,0
DA:322,0
DA:324,0
DA:326,0
DA:332,0
DA:334,0
DA:335,0
DA:337,0
DA:339,0
DA:342,0
DA:343,0
DA:344,0
DA:347,0
DA:348,0
DA:350,0
DA:351,0
DA:352,0
DA:354,0
DA:355,0
DA:358,0
DA:359,0
DA:364,0
DA:366,0
DA:367,0
DA:369,0
DA:372,0
DA:374,0
DA:377,0
DA:382,19
DA:384,9
DA:385,14
DA:387,8
DA:388,9
DA:389,31
DA:390,27
DA:392,9
DA:393,9
DA:395,60
DA:397,17
DA:398,9
DA:430,0
DA:432,0
DA:434,0
DA:435,0
DA:438,0
DA:439,0
DA:441,0
DA:442,0
DA:443,0
DA:444,0
DA:449,0
DA:451,0
DA:453,0
DA:455,0
DA:458,0
DA:459,0
DA:462,0
DA:464,0
DA:465,0
DA:466,0
DA:467,0
DA:469,0
DA:470,0
DA:471,0
DA:472,0
DA:474,0
DA:477,0
DA:479,0
DA:480,0
DA:481,0
DA:487,11
DA:488,14
DA:489,23
DA:490,7
DA:491,7
DA:493,7
DA:494,9
DA:496,31
DA:497,27
DA:499,9
DA:500,9
DA:501,9
DA:505,60
DA:506,60
DA:507,60
DA:517,9
DA:520,17
DA:523,8
DA:530,11
DA:531,9
DA:532,16
DA:533,8
DA:536,6
DA:537,9
DA:538,31
DA:540,27
DA:543,9
DA:544,9
DA:546,60
DA:547,60
DA:549,14
DA:551,19
DA:552,11
DA:553,11
DA:554,23
DA:555,1
DA:565,0
DA:567,0
DA:569,0
DA:572,0
DA:573,0
DA:576,0
DA:577,0
DA:578,0
DA:579,0
DA:584,0
DA:586,0
DA:588,0
DA:591,0
DA:592,0
DA:594,0
DA:595,0
DA:596,0
DA:601,2
DA:602,9
DA:603,0
DA:607,0
DA:609,0
DA:612,6
DA:614,5
DA:615,7
DA:617,1
DA:618,3
DA:620,7
DA:621,2
DA:622,5
DA:624,7
DA:625,2
DA:626,5
DA:628,7
DA:629,2
DA:630,5
DA:632,7
DA:633,2
DA:634,5
DA:636,7
DA:637,2
DA:638,5
DA:640,7
DA:641,2
DA:643,2
end_of_record

