TN:
SF:/home/cohee/Projects/My-Auditing-Projects/2025-04-forte/lib/Uint512.sol
DA:1,0
DA:10,0
DA:39,0
DA:42,0
DA:43,0
DA:44,0
DA:47,0
DA:48,0
DA:53,0
DA:55,0
DA:61,0
DA:62,0
DA:63,0
DA:67,0
DA:72,0
DA:73,0
DA:74,0
DA:75,0
DA:76,0
DA:77,0
DA:78,0
DA:81,0
end_of_record

SF:/home/cohee/Projects/My-Auditing-Projects/2025-04-forte/lib/forge-std/src/Base.sol
end_of_record

SF:/home/cohee/Projects/My-Auditing-Projects/2025-04-forte/lib/forge-std/src/StdAssertions.sol
DA:38,0
DA:39,0
DA:40,0
DA:42,0
end_of_record

SF:/home/cohee/Projects/My-Auditing-Projects/2025-04-forte/lib/forge-std/src/StdChains.sol
DA:66,0
end_of_record

SF:/home/cohee/Projects/My-Auditing-Projects/2025-04-forte/lib/forge-std/src/StdCheats.sol
end_of_record

SF:/home/cohee/Projects/My-Auditing-Projects/2025-04-forte/lib/forge-std/src/StdError.sol
DA:5,0
DA:6,0
DA:7,0
DA:8,0
DA:9,0
DA:10,0
DA:11,0
DA:12,0
DA:13,0
DA:14,0
end_of_record

SF:/home/cohee/Projects/My-Auditing-Projects/2025-04-forte/lib/forge-std/src/StdInvariant.sol
DA:83,0
DA:84,0
DA:87,0
DA:88,0
DA:91,0
DA:92,0
DA:95,0
DA:96,0
DA:99,0
DA:100,0
DA:103,0
DA:104,0
DA:107,0
DA:108,0
DA:111,0
DA:112,0
DA:115,0
DA:116,0
DA:119,0
DA:120,0
end_of_record

SF:/home/cohee/Projects/My-Auditing-Projects/2025-04-forte/lib/forge-std/src/StdJson.sol
DA:25,0
end_of_record

SF:/home/cohee/Projects/My-Auditing-Projects/2025-04-forte/lib/forge-std/src/StdMath.sol
DA:4,0
end_of_record

SF:/home/cohee/Projects/My-Auditing-Projects/2025-04-forte/lib/forge-std/src/StdStorage.sol
DA:24,0
DA:334,0
end_of_record

SF:/home/cohee/Projects/My-Auditing-Projects/2025-04-forte/lib/forge-std/src/StdStyle.sol
DA:6,0
end_of_record

SF:/home/cohee/Projects/My-Auditing-Projects/2025-04-forte/lib/forge-std/src/StdToml.sol
DA:25,0
end_of_record

SF:/home/cohee/Projects/My-Auditing-Projects/2025-04-forte/lib/forge-std/src/StdUtils.sol
end_of_record

SF:/home/cohee/Projects/My-Auditing-Projects/2025-04-forte/lib/forge-std/src/Test.sol
DA:32,0
end_of_record

SF:/home/cohee/Projects/My-Auditing-Projects/2025-04-forte/lib/forge-std/src/Vm.sol
end_of_record

SF:/home/cohee/Projects/My-Auditing-Projects/2025-04-forte/lib/forge-std/src/console.sol
DA:4,0
end_of_record

SF:/home/cohee/Projects/My-Auditing-Projects/2025-04-forte/lib/forge-std/src/console2.sol
end_of_record

SF:/home/cohee/Projects/My-Auditing-Projects/2025-04-forte/lib/forge-std/src/interfaces/IMulticall3.sol
end_of_record

SF:/home/cohee/Projects/My-Auditing-Projects/2025-04-forte/lib/forge-std/src/safeconsole.sol
DA:6,0
end_of_record

SF:/home/cohee/Projects/My-Auditing-Projects/2025-04-forte/src/Float128.sol
DA:13,0
DA:20,0
DA:30,0
DA:35,3
DA:36,2
DA:37,3
DA:38,2
DA:52,1
DA:60,11
DA:61,1
DA:62,1
DA:63,1
DA:64,14
DA:65,14
DA:68,5
DA:69,5
DA:71,9
DA:73,3
DA:74,3
DA:75,3
DA:76,3
DA:77,5
DA:79,7
DA:80,7
DA:81,7
DA:82,3
DA:83,5
DA:84,9
DA:85,5
DA:87,6
DA:88,7
DA:89,5
DA:92,7
DA:93,7
DA:94,7
DA:95,3
DA:96,5
DA:97,9
DA:98,5
DA:100,6
DA:101,7
DA:102,5
DA:106,6
DA:107,5
DA:108,1
DA:109,4
DA:110,2
DA:113,6
DA:115,4
DA:116,6
DA:117,5
DA:119,4
DA:120,2
DA:121,5
DA:124,7
DA:125,7
DA:126,7
DA:127,3
DA:128,5
DA:129,9
DA:130,5
DA:132,6
DA:133,7
DA:134,5
DA:137,7
DA:138,7
DA:139,7
DA:140,3
DA:141,5
DA:142,9
DA:143,5
DA:145,6
DA:146,7
DA:147,5
DA:151,6
DA:152,5
DA:153,1
DA:154,4
DA:155,2
DA:159,7
DA:160,2
DA:162,7
DA:163,5
DA:166,2
DA:168,9
DA:169,5
DA:170,5
DA:172,4
DA:173,0
DA:177,5
DA:180,4
DA:182,7
DA:185,2
DA:186,12
DA:187,8
DA:189,8
DA:190,1
DA:191,3
DA:192,7
DA:193,6
DA:194,5
DA:195,5
DA:197,3
DA:198,5
DA:199,0
DA:200,0
DA:202,6
DA:203,7
DA:204,7
DA:207,0
DA:208,0
DA:209,0
DA:212,0
DA:213,0
DA:220,3
DA:221,1
DA:222,1
DA:225,7
DA:226,5
DA:227,5
DA:228,6
DA:230,5
DA:231,5
DA:233,5
DA:235,5
DA:236,3
DA:237,7
DA:239,5
DA:240,6
DA:245,4
DA:458,0
DA:464,0
DA:466,0
DA:467,0
DA:468,0
DA:470,0
DA:471,0
DA:472,0
DA:473,0
DA:475,0
DA:477,0
DA:478,0
DA:479,0
DA:481,0
DA:482,0
DA:483,0
DA:485,0
DA:486,0
DA:487,0
DA:488,0
DA:490,0
DA:491,0
DA:492,0
DA:495,0
DA:498,0
DA:500,0
DA:501,0
DA:502,0
DA:503,0
DA:505,0
DA:506,0
DA:507,0
DA:509,0
DA:510,0
DA:511,0
DA:512,0
DA:514,0
DA:515,0
DA:516,0
DA:524,0
DA:525,0
DA:526,0
DA:527,0
DA:529,0
DA:530,0
DA:531,0
DA:532,0
DA:533,0
DA:535,0
DA:536,0
DA:537,0
DA:541,0
DA:542,0
DA:543,0
DA:544,0
DA:546,0
DA:547,0
DA:548,0
DA:553,0
DA:554,0
DA:555,0
DA:556,0
DA:1073,3
DA:1085,11
DA:1089,5
DA:1091,7
DA:1092,3
DA:1093,5
DA:1097,5
DA:1098,16
DA:1099,12
DA:1101,7
DA:1103,5
DA:1104,5
DA:1106,5
DA:1107,5
DA:1108,5
DA:1111,4
DA:1112,3
DA:1114,5
DA:1115,9
DA:1117,5
DA:1118,0
DA:1121,6
DA:1122,18
DA:1123,2
DA:1126,5
DA:1127,5
DA:1128,5
DA:1130,16
DA:1132,0
DA:1137,11
end_of_record

SF:/home/cohee/Projects/My-Auditing-Projects/2025-04-forte/src/Types.sol
end_of_record

SF:/home/cohee/Projects/My-Auditing-Projects/2025-04-forte/test/FloatUtils.sol
DA:7,0
end_of_record

SF:/home/cohee/Projects/My-Auditing-Projects/2025-04-forte/test/audit/echidna.sol
DA:8,50
DA:10,2
DA:11,2
DA:12,1
DA:14,0
DA:15,0
DA:16,0
DA:17,0
DA:20,15
DA:22,9
DA:23,7
DA:24,9
DA:25,7
DA:28,0
DA:30,0
DA:31,0
DA:34,9
DA:35,15
DA:36,15
DA:37,15
DA:38,15
DA:39,8
DA:40,3
DA:42,1
DA:45,10
DA:47,25
DA:48,21
DA:49,12
DA:50,17
DA:51,12
DA:55,5
DA:56,5
DA:57,6
DA:65,0
DA:67,0
DA:68,0
DA:71,0
DA:73,0
DA:76,0
DA:77,0
DA:78,0
DA:81,0
DA:82,0
DA:84,0
DA:85,0
DA:89,0
DA:90,0
DA:94,20
DA:96,18
DA:99,13
DA:101,24
DA:104,9
DA:105,9
DA:108,9
DA:110,7
DA:112,14
DA:113,3
DA:117,0
DA:119,0
DA:120,0
DA:123,0
DA:125,0
DA:127,0
DA:128,0
DA:129,0
DA:132,0
DA:133,0
DA:135,0
DA:136,0
DA:180,2
DA:181,0
DA:182,0
DA:186,0
DA:188,0
DA:192,6
DA:194,5
DA:195,7
DA:196,1
DA:197,3
DA:199,7
DA:200,2
DA:201,5
DA:203,7
DA:204,2
DA:205,5
DA:207,7
DA:208,2
DA:209,5
DA:211,7
DA:212,2
DA:213,5
DA:215,7
DA:216,2
DA:217,5
DA:219,7
DA:220,2
DA:222,2
end_of_record

