TN:
SF:/home/cohee/Projects/My-Auditing-Projects/2025-04-forte/lib/Uint512.sol
DA:1,0
DA:10,0
DA:20,9
DA:22,4
DA:23,5
DA:24,10
DA:39,0
DA:42,0
DA:43,0
DA:44,0
DA:47,0
DA:48,0
DA:53,0
DA:55,0
DA:61,0
DA:62,0
DA:63,0
DA:67,0
DA:72,0
DA:73,0
DA:74,0
DA:75,0
DA:76,0
DA:77,0
DA:78,0
DA:81,0
DA:92,4
DA:93,6
DA:96,3
DA:98,1
DA:100,7
DA:101,7
DA:102,7
DA:104,9
DA:105,7
DA:106,7
DA:108,9
DA:109,7
DA:110,7
DA:112,9
DA:113,7
DA:114,7
DA:116,9
DA:117,7
DA:118,7
DA:120,9
DA:121,7
DA:122,8
DA:124,14
DA:128,14
DA:129,14
DA:130,14
DA:131,14
DA:132,14
DA:133,14
DA:134,14
DA:135,10
DA:136,13
DA:148,8
DA:150,6
DA:153,1
DA:156,5
DA:157,3
DA:160,5
DA:161,3
DA:162,4
DA:164,5
DA:165,3
DA:166,4
DA:168,5
DA:169,3
DA:170,1
DA:172,5
DA:173,3
DA:174,1
DA:176,5
DA:177,3
DA:178,4
DA:180,6
DA:181,4
DA:182,2
DA:184,8
DA:185,4
DA:188,7
DA:189,13
DA:191,1
DA:197,8
DA:198,6
DA:200,3
DA:201,3
DA:206,3
DA:207,3
DA:208,5
DA:209,10
DA:210,8
DA:211,5
DA:215,7
DA:217,8
DA:218,4
DA:221,34
DA:222,0
DA:225,17
end_of_record

SF:/home/cohee/Projects/My-Auditing-Projects/2025-04-forte/lib/forge-std/src/Base.sol
end_of_record

SF:/home/cohee/Projects/My-Auditing-Projects/2025-04-forte/lib/forge-std/src/StdAssertions.sol
DA:38,0
DA:39,0
DA:40,0
DA:42,0
end_of_record

SF:/home/cohee/Projects/My-Auditing-Projects/2025-04-forte/lib/forge-std/src/StdChains.sol
DA:66,0
end_of_record

SF:/home/cohee/Projects/My-Auditing-Projects/2025-04-forte/lib/forge-std/src/StdCheats.sol
end_of_record

SF:/home/cohee/Projects/My-Auditing-Projects/2025-04-forte/lib/forge-std/src/StdError.sol
DA:5,0
DA:6,0
DA:7,0
DA:8,0
DA:9,0
DA:10,0
DA:11,0
DA:12,0
DA:13,0
DA:14,0
end_of_record

SF:/home/cohee/Projects/My-Auditing-Projects/2025-04-forte/lib/forge-std/src/StdInvariant.sol
DA:83,0
DA:84,0
DA:87,0
DA:88,0
DA:91,0
DA:92,0
DA:95,0
DA:96,0
DA:99,0
DA:100,0
DA:103,0
DA:104,0
DA:107,0
DA:108,0
DA:111,0
DA:112,0
DA:115,0
DA:116,0
DA:119,0
DA:120,0
end_of_record

SF:/home/cohee/Projects/My-Auditing-Projects/2025-04-forte/lib/forge-std/src/StdJson.sol
DA:25,0
end_of_record

SF:/home/cohee/Projects/My-Auditing-Projects/2025-04-forte/lib/forge-std/src/StdMath.sol
DA:4,0
end_of_record

SF:/home/cohee/Projects/My-Auditing-Projects/2025-04-forte/lib/forge-std/src/StdStorage.sol
DA:24,0
DA:334,0
end_of_record

SF:/home/cohee/Projects/My-Auditing-Projects/2025-04-forte/lib/forge-std/src/StdStyle.sol
DA:6,0
end_of_record

SF:/home/cohee/Projects/My-Auditing-Projects/2025-04-forte/lib/forge-std/src/StdToml.sol
DA:25,0
end_of_record

SF:/home/cohee/Projects/My-Auditing-Projects/2025-04-forte/lib/forge-std/src/StdUtils.sol
end_of_record

SF:/home/cohee/Projects/My-Auditing-Projects/2025-04-forte/lib/forge-std/src/Test.sol
DA:32,0
end_of_record

SF:/home/cohee/Projects/My-Auditing-Projects/2025-04-forte/lib/forge-std/src/Vm.sol
end_of_record

SF:/home/cohee/Projects/My-Auditing-Projects/2025-04-forte/lib/forge-std/src/console.sol
DA:4,0
end_of_record

SF:/home/cohee/Projects/My-Auditing-Projects/2025-04-forte/lib/forge-std/src/console2.sol
end_of_record

SF:/home/cohee/Projects/My-Auditing-Projects/2025-04-forte/lib/forge-std/src/interfaces/IMulticall3.sol
end_of_record

SF:/home/cohee/Projects/My-Auditing-Projects/2025-04-forte/lib/forge-std/src/safeconsole.sol
DA:6,0
end_of_record

SF:/home/cohee/Projects/My-Auditing-Projects/2025-04-forte/src/Float128.sol
DA:13,45
DA:19,2
DA:20,4
DA:23,1
DA:27,1
DA:30,2
DA:35,1
DA:36,1
DA:37,1
DA:38,1
DA:39,1
DA:40,1
DA:51,0
DA:62,0
DA:63,0
DA:64,0
DA:65,0
DA:66,0
DA:67,0
DA:70,0
DA:71,0
DA:73,0
DA:76,0
DA:77,0
DA:78,0
DA:79,0
DA:80,0
DA:83,0
DA:86,0
DA:88,0
DA:89,0
DA:90,0
DA:92,0
DA:93,0
DA:95,0
DA:97,0
DA:98,0
DA:101,0
DA:103,0
DA:104,0
DA:105,0
DA:106,0
DA:107,0
DA:108,0
DA:110,0
DA:111,0
DA:112,0
DA:116,0
DA:118,0
DA:119,0
DA:120,0
DA:121,0
DA:124,0
DA:127,0
DA:128,0
DA:129,0
DA:131,0
DA:132,0
DA:133,0
DA:136,0
DA:137,0
DA:138,0
DA:139,0
DA:140,0
DA:141,0
DA:142,0
DA:144,0
DA:145,0
DA:146,0
DA:149,0
DA:150,0
DA:151,0
DA:152,0
DA:153,0
DA:154,0
DA:155,0
DA:157,0
DA:158,0
DA:159,0
DA:163,0
DA:164,0
DA:165,0
DA:166,0
DA:167,0
DA:172,0
DA:173,0
DA:175,0
DA:176,0
DA:179,0
DA:181,0
DA:182,0
DA:183,0
DA:185,0
DA:186,0
DA:190,0
DA:193,0
DA:195,0
DA:199,0
DA:201,0
DA:203,0
DA:204,0
DA:205,0
DA:206,0
DA:207,0
DA:208,0
DA:209,0
DA:211,0
DA:212,0
DA:213,0
DA:214,0
DA:216,0
DA:217,0
DA:218,0
DA:221,0
DA:223,0
DA:224,0
DA:228,0
DA:229,0
DA:236,0
DA:237,0
DA:239,0
DA:240,0
DA:241,0
DA:242,0
DA:244,0
DA:245,0
DA:247,0
DA:249,0
DA:250,0
DA:251,0
DA:256,0
DA:268,0
DA:269,0
DA:270,0
DA:271,0
DA:272,0
DA:274,0
DA:275,0
DA:278,0
DA:280,0
DA:282,0
DA:283,0
DA:284,0
DA:286,0
DA:287,0
DA:288,0
DA:289,0
DA:290,0
DA:293,0
DA:294,0
DA:295,0
DA:296,0
DA:297,0
DA:298,0
DA:299,0
DA:301,0
DA:302,0
DA:303,0
DA:306,0
DA:307,0
DA:308,0
DA:309,0
DA:310,0
DA:311,0
DA:312,0
DA:314,0
DA:315,0
DA:316,0
DA:320,0
DA:321,0
DA:322,0
DA:323,0
DA:324,0
DA:327,0
DA:330,0
DA:331,0
DA:332,0
DA:334,0
DA:335,0
DA:336,0
DA:339,0
DA:340,0
DA:341,0
DA:342,0
DA:343,0
DA:344,0
DA:345,0
DA:347,0
DA:348,0
DA:349,0
DA:352,0
DA:353,0
DA:354,0
DA:355,0
DA:356,0
DA:357,0
DA:358,0
DA:360,0
DA:361,0
DA:362,0
DA:366,0
DA:367,0
DA:368,0
DA:369,0
DA:370,0
DA:374,0
DA:375,0
DA:377,0
DA:378,0
DA:381,0
DA:383,0
DA:384,0
DA:385,0
DA:387,0
DA:388,0
DA:392,0
DA:462,0
DA:468,0
DA:470,0
DA:471,0
DA:472,0
DA:474,0
DA:475,0
DA:476,0
DA:477,0
DA:479,0
DA:482,0
DA:483,0
DA:484,0
DA:486,0
DA:487,0
DA:488,0
DA:490,0
DA:491,0
DA:492,0
DA:493,0
DA:496,0
DA:497,0
DA:498,0
DA:501,0
DA:504,0
DA:506,0
DA:507,0
DA:508,0
DA:509,0
DA:511,0
DA:512,0
DA:513,0
DA:515,0
DA:516,0
DA:517,0
DA:518,0
DA:520,0
DA:521,0
DA:522,0
DA:530,0
DA:531,0
DA:532,0
DA:533,0
DA:534,0
DA:535,0
DA:536,0
DA:538,0
DA:539,0
DA:540,0
DA:544,0
DA:545,0
DA:546,0
DA:547,0
DA:549,0
DA:550,0
DA:551,0
DA:556,0
DA:558,0
DA:560,0
DA:561,0
DA:572,0
DA:573,0
DA:593,7
DA:595,0
DA:596,0
DA:597,0
DA:598,0
DA:599,0
DA:600,0
DA:601,0
DA:604,0
DA:605,0
DA:615,0
DA:616,0
DA:618,0
DA:619,0
DA:620,0
DA:621,0
DA:622,0
DA:623,0
DA:626,0
DA:629,0
DA:631,0
DA:632,0
DA:633,0
DA:635,0
DA:636,0
DA:637,0
DA:640,0
DA:641,0
DA:642,0
DA:643,0
DA:645,0
DA:647,0
DA:648,0
DA:651,0
DA:652,0
DA:654,0
DA:658,0
DA:659,0
DA:662,0
DA:663,0
DA:664,0
DA:665,0
DA:667,0
DA:668,0
DA:671,0
DA:672,0
DA:673,0
DA:674,0
DA:675,0
DA:677,0
DA:678,0
DA:680,0
DA:681,0
DA:682,0
DA:683,0
DA:685,0
DA:686,0
DA:687,0
DA:692,0
DA:693,0
DA:694,0
DA:705,32
DA:706,1
DA:707,1
DA:708,1
DA:709,1
DA:710,1
DA:711,1
DA:714,7
DA:715,0
DA:716,0
DA:717,0
DA:718,0
DA:719,0
DA:720,0
DA:722,4
DA:723,1
DA:725,9
DA:726,4
DA:727,5
DA:731,52
DA:732,4
DA:733,0
DA:734,0
DA:737,7
DA:738,9
DA:739,6
DA:740,7
DA:744,11
DA:745,8
DA:746,7
DA:747,1
DA:749,6
DA:750,4
DA:751,5
DA:754,4
DA:755,6
DA:756,3
DA:757,1
DA:758,1
DA:760,4
DA:762,5
DA:763,11
DA:769,5
DA:770,5
DA:771,5
DA:772,5
DA:774,4
DA:775,5
DA:776,5
DA:779,6
DA:780,5
DA:781,5
DA:782,5
DA:784,4
DA:785,5
DA:786,5
DA:789,1
DA:793,8
DA:794,7
DA:795,7
DA:797,8
DA:798,3
DA:799,8
DA:801,8
DA:802,3
DA:803,8
DA:805,8
DA:806,7
DA:807,8
DA:809,8
DA:810,7
DA:811,8
DA:813,10
DA:814,6
DA:815,8
DA:817,10
DA:819,6
DA:820,6
DA:821,6
DA:822,6
DA:823,6
DA:824,6
DA:825,7
DA:827,4
DA:828,11
DA:829,3
DA:833,9
DA:835,7
DA:836,5
DA:837,5
DA:840,7
DA:851,0
DA:852,0
DA:854,0
DA:855,0
DA:856,0
DA:857,0
DA:858,0
DA:859,0
DA:860,0
DA:861,0
DA:863,0
DA:864,0
DA:867,0
DA:868,0
DA:869,0
DA:870,0
DA:871,0
DA:872,0
DA:873,0
DA:874,0
DA:876,0
DA:877,0
DA:878,0
DA:880,0
DA:881,0
DA:883,0
DA:884,0
DA:885,0
DA:887,0
DA:888,0
DA:891,0
DA:892,0
DA:893,0
DA:895,0
DA:896,0
DA:966,0
DA:967,0
DA:969,0
DA:970,0
DA:971,0
DA:972,0
DA:973,0
DA:974,0
DA:975,0
DA:976,0
DA:977,0
DA:978,0
DA:981,0
DA:982,0
DA:983,0
DA:984,0
DA:985,0
DA:986,0
DA:987,0
DA:988,0
DA:990,0
DA:991,0
DA:992,0
DA:994,0
DA:995,0
DA:997,0
DA:998,0
DA:999,0
DA:1001,0
DA:1002,0
DA:1005,0
DA:1006,0
DA:1007,0
DA:1009,0
DA:1010,0
DA:1081,0
DA:1093,11
DA:1097,5
DA:1099,7
DA:1100,0
DA:1101,0
DA:1105,4
DA:1107,28
DA:1110,7
DA:1112,5
DA:1113,5
DA:1115,5
DA:1116,5
DA:1117,5
DA:1120,4
DA:1121,3
DA:1123,5
DA:1125,9
DA:1127,5
DA:1129,0
DA:1132,0
DA:1134,0
DA:1137,0
DA:1138,0
DA:1139,0
DA:1141,1
DA:1144,0
DA:1149,11
DA:1160,0
DA:1163,0
DA:1164,0
DA:1165,0
DA:1167,0
DA:1168,0
DA:1171,0
DA:1173,0
DA:1174,0
end_of_record

SF:/home/cohee/Projects/My-Auditing-Projects/2025-04-forte/src/Types.sol
end_of_record

SF:/home/cohee/Projects/My-Auditing-Projects/2025-04-forte/test/FloatUtils.sol
DA:7,0
end_of_record

SF:/home/cohee/Projects/My-Auditing-Projects/2025-04-forte/test/audit/echidna.sol
DA:9,62
DA:14,2
DA:15,2
DA:18,0
DA:19,0
DA:20,0
DA:21,0
DA:23,0
DA:27,0
DA:29,0
DA:30,0
DA:31,0
DA:32,0
DA:35,9
DA:37,9
DA:38,7
DA:41,4
DA:42,15
DA:43,15
DA:44,15
DA:45,15
DA:46,8
DA:47,3
DA:49,2
DA:67,4
DA:68,6
DA:69,6
DA:71,0
DA:77,0
DA:79,0
DA:80,0
DA:85,0
DA:88,0
DA:89,0
DA:90,0
DA:93,0
DA:94,0
DA:96,0
DA:97,0
DA:101,0
DA:102,0
DA:107,0
DA:109,0
DA:114,0
DA:117,0
DA:118,0
DA:121,0
DA:123,0
DA:131,0
DA:133,0
DA:138,0
DA:141,0
DA:143,0
DA:145,0
DA:149,0
DA:150,0
DA:152,0
DA:153,0
DA:158,0
DA:160,0
DA:161,0
DA:166,0
DA:168,0
DA:169,0
DA:170,0
DA:173,0
DA:174,0
DA:176,0
DA:177,0
DA:185,0
DA:187,0
DA:192,0
DA:195,0
DA:196,0
DA:199,0
DA:201,0
DA:203,0
DA:204,0
DA:209,0
DA:211,0
DA:216,0
DA:219,0
DA:220,0
DA:223,0
DA:225,0
DA:230,0
DA:232,0
DA:237,0
DA:240,0
DA:241,0
DA:243,0
DA:245,0
DA:247,0
DA:250,0
DA:252,0
DA:254,0
DA:255,0
DA:257,0
DA:259,0
DA:262,0
DA:265,0
DA:266,0
DA:271,0
DA:273,0
DA:275,0
DA:277,0
DA:280,0
DA:281,0
DA:282,0
DA:285,0
DA:287,0
DA:288,0
DA:290,0
DA:292,0
DA:298,0
DA:300,0
DA:301,0
DA:303,0
DA:305,0
DA:308,0
DA:309,0
DA:310,0
DA:313,0
DA:314,0
DA:316,0
DA:317,0
DA:318,0
DA:320,0
DA:321,0
DA:324,0
DA:325,0
DA:330,0
DA:332,0
DA:333,0
DA:335,0
DA:338,0
DA:340,0
DA:343,0
DA:347,19
DA:349,9
DA:350,14
DA:352,8
DA:353,9
DA:354,31
DA:355,27
DA:357,9
DA:358,9
DA:360,60
DA:362,17
DA:363,9
DA:366,0
DA:368,0
DA:369,0
DA:370,0
DA:371,0
DA:374,0
DA:376,0
DA:378,0
DA:379,0
DA:381,0
DA:383,0
DA:386,0
DA:387,0
DA:388,0
DA:389,0
DA:390,0
DA:395,0
DA:397,0
DA:399,0
DA:400,0
DA:403,0
DA:404,0
DA:406,0
DA:407,0
DA:408,0
DA:409,0
DA:414,0
DA:416,0
DA:418,0
DA:420,0
DA:423,0
DA:424,0
DA:427,0
DA:429,0
DA:430,0
DA:431,0
DA:432,0
DA:434,0
DA:435,0
DA:436,0
DA:437,0
DA:439,0
DA:442,0
DA:444,0
DA:445,0
DA:446,0
DA:453,0
DA:455,0
DA:457,0
DA:460,0
DA:461,0
DA:464,0
DA:465,0
DA:466,0
DA:467,0
DA:472,0
DA:474,0
DA:476,0
DA:479,0
DA:480,0
DA:482,0
DA:483,0
DA:484,0
DA:489,2
DA:490,9
DA:491,0
DA:495,0
DA:497,0
DA:500,6
DA:502,5
DA:503,7
DA:505,0
DA:506,0
DA:508,7
DA:509,2
DA:510,5
DA:512,7
DA:513,2
DA:514,5
DA:516,7
DA:517,2
DA:518,5
DA:520,7
DA:521,2
DA:522,5
DA:524,7
DA:525,2
DA:526,5
DA:528,7
DA:529,2
DA:531,2
end_of_record

